{"sessionId":"6424f2","runId":"post-fix","location":"index.js:ingress","message":"POST /api/auth/register reached API","data":{"urlPath":"/api/auth/register","contentTypePrefix":"multipart/form-data; boundary=----WebKitFormBoundaryhs5tppVoh6adkT7r"},"timestamp":1775760136734,"hypothesisId":"H6"}
{"sessionId":"6424f2","location":"auth.js:register","message":"handler entered","data":{"bodyKeys":["email","password","firstName","lastName","phone","role"],"hasFile":true,"role":"patient","dbReady":1},"timestamp":1775760136747,"hypothesisId":"H4","runId":"post-fix"}
{"sessionId":"6424f2","runId":"post-fix","location":"index.js:ingress","message":"POST /api/auth/register reached API","data":{"urlPath":"/api/auth/register","contentTypePrefix":"multipart/form-data; boundary=----WebKitFormBoundarySSweAF0WNX7pWe8F"},"timestamp":1775760436462,"hypothesisId":"H6"}
{"sessionId":"6424f2","location":"auth.js:register","message":"handler entered","data":{"bodyKeys":["email","password","firstName","lastName","phone","role","specialty","bio"],"hasFile":false,"role":"doctor","dbReady":1},"timestamp":1775760436466,"hypothesisId":"H4","runId":"post-fix"}
{"sessionId":"6424f2","runId":"post-fix","location":"index.js:ingress","message":"POST /api/auth/register reached API","data":{"urlPath":"/api/auth/register","contentTypePrefix":"multipart/form-data; boundary=----WebKitFormBoundarynPMPQOOIZ8ejcgeO"},"timestamp":1775760567406,"hypothesisId":"H6"}
{"sessionId":"6424f2","location":"auth.js:register","message":"handler entered","data":{"bodyKeys":["email","password","firstName","lastName","phone","role"],"hasFile":true,"role":"patient","dbReady":1},"timestamp":1775760567409,"hypothesisId":"H4","runId":"post-fix"}
{"sessionId":"6424f2","runId":"post-fix","location":"index.js:ingress","message":"POST /api/auth/register reached API","data":{"urlPath":"/api/auth/register","contentTypePrefix":"multipart/form-data; boundary=----WebKitFormBoundarykyMHy6RVMlwZ5uYf"},"timestamp":1775762075521,"hypothesisId":"H6"}
{"sessionId":"6424f2","location":"auth.js:multer","message":"multer error","data":{"code":"LIMIT_UNEXPECTED_FILE","message":"Unexpected field"},"timestamp":1775762075525,"hypothesisId":"H4","runId":"post-fix"}
{"sessionId":"6424f2","runId":"post-fix","location":"index.js:ingress","message":"POST /api/auth/register reached API","data":{"urlPath":"/api/auth/register","contentTypePrefix":"multipart/form-data; boundary=----WebKitFormBoundaryaTb5BzE2UCOyOJgC"},"timestamp":1775762082317,"hypothesisId":"H6"}
{"sessionId":"6424f2","location":"auth.js:multer","message":"multer error","data":{"code":"LIMIT_UNEXPECTED_FILE","message":"Unexpected field"},"timestamp":1775762082320,"hypothesisId":"H4","runId":"post-fix"}
{"sessionId":"6424f2","runId":"post-fix","location":"index.js:ingress","message":"POST /api/auth/register reached API","data":{"urlPath":"/api/auth/register","contentTypePrefix":"multipart/form-data; boundary=--------------------------e3bcc11f46e694ff08f3bd33"},"timestamp":1775762210409,"hypothesisId":"H6"}
{"sessionId":"6424f2","location":"auth.js:multer","message":"multer error","data":{"code":"LIMIT_UNEXPECTED_FILE","message":"Unexpected field"},"timestamp":1775762210411,"hypothesisId":"H4","runId":"post-fix"}
{"sessionId":"6424f2","runId":"post-fix","location":"index.js:ingress","message":"POST /api/auth/register reached API","data":{"urlPath":"/api/auth/register","contentTypePrefix":"application/json"},"timestamp":1775762377777,"hypothesisId":"H6"}
{"sessionId":"6424f2","location":"auth.js:register","message":"handler entered","data":{"bodyKeys":[],"hasFile":false,"role":null,"dbReady":1},"timestamp":1775762377778,"hypothesisId":"H4","runId":"post-fix"}
{"sessionId":"6424f2","runId":"post-fix","location":"index.js:ingress","message":"POST /api/auth/register reached API","data":{"urlPath":"/api/auth/register","contentTypePrefix":"multipart/form-data; boundary=----WebKitFormBoundaryicHIAuVMjnmD69r6"},"timestamp":1775762667688,"hypothesisId":"H6"}
{"sessionId":"6424f2","location":"auth.js:multer","message":"multer error","data":{"code":"LIMIT_UNEXPECTED_FILE","message":"Unexpected field"},"timestamp":1775762667690,"hypothesisId":"H4","runId":"post-fix"}
{"sessionId":"6424f2","runId":"post-fix","location":"index.js:ingress","message":"POST /api/auth/register reached API","data":{"urlPath":"/api/auth/register","contentTypePrefix":"multipart/form-data; boundary=----WebKitFormBoundary7gaKuMTd3qdAUfGK"},"timestamp":1775762669074,"hypothesisId":"H6"}
{"sessionId":"6424f2","location":"auth.js:multer","message":"multer error","data":{"code":"LIMIT_UNEXPECTED_FILE","message":"Unexpected field"},"timestamp":1775762669076,"hypothesisId":"H4","runId":"post-fix"}
{"sessionId":"6424f2","runId":"post-fix","location":"index.js:ingress","message":"POST /api/auth/register reached API","data":{"urlPath":"/api/auth/register","contentTypePrefix":"multipart/form-data; boundary=----WebKitFormBoundaryTuBuetEPIGR6isg2"},"timestamp":1775762731229,"hypothesisId":"H6"}
{"sessionId":"6424f2","location":"auth.js:multer","message":"multer error","data":{"code":"LIMIT_UNEXPECTED_FILE","message":"Unexpected field"},"timestamp":1775762731231,"hypothesisId":"H4","runId":"post-fix"}
{"sessionId":"6424f2","runId":"post-fix","location":"index.js:ingress","message":"POST /api/auth/register reached API","data":{"urlPath":"/api/auth/register","contentTypePrefix":"multipart/form-data; boundary=--------------------------34b345f675b1961c00200a22"},"timestamp":1775762781421,"hypothesisId":"H6"}
{"sessionId":"6424f2","location":"auth.js:multer","message":"multer error","data":{"code":"LIMIT_UNEXPECTED_FILE","message":"Unexpected field"},"timestamp":1775762781423,"hypothesisId":"H4","runId":"post-fix"}
{"sessionId":"6424f2","runId":"post-fix","location":"index.js:ingress","message":"POST /api/auth/register reached API","data":{"urlPath":"/api/auth/register","contentTypePrefix":"multipart/form-data; boundary=--------------------------1be0e26292a56f94a40ad86a"},"timestamp":1775762807592,"hypothesisId":"H6"}
{"sessionId":"6424f2","location":"auth.js:multer","message":"multer error","data":{"code":"LIMIT_UNEXPECTED_FILE","message":"Unexpected field"},"timestamp":1775762807594,"hypothesisId":"H4","runId":"post-fix"}
{"sessionId":"6424f2","runId":"post-fix","location":"index.js:ingress","message":"POST /api/auth/register reached API","data":{"urlPath":"/api/auth/register","contentTypePrefix":"multipart/form-data; boundary=----WebKitFormBoundarySL9ZTwSoOVgFQkRz"},"timestamp":1775897945742,"hypothesisId":"H6"}
{"sessionId":"6424f2","location":"auth.js:register","message":"handler entered","data":{"bodyKeys":["email","password","firstName","lastName","phone","role","specialty","bio"],"hasFile":false,"role":"doctor","dbReady":1},"timestamp":1775897945753,"hypothesisId":"H4","runId":"post-fix"}
{"sessionId":"6424f2","runId":"post-fix","location":"index.js:ingress","message":"POST /api/auth/register reached API","data":{"urlPath":"/api/auth/register","contentTypePrefix":"multipart/form-data; boundary=----WebKitFormBoundary8ErVa3abSPCPBOTo"},"timestamp":1776262279810,"hypothesisId":"H6"}
{"sessionId":"6424f2","location":"auth.js:register","message":"handler entered","data":{"bodyKeys":["email","password","firstName","lastName","phone","role"],"hasFile":false,"role":"patient","dbReady":1},"timestamp":1776262279839,"hypothesisId":"H4","runId":"post-fix"}
{"sessionId":"6424f2","runId":"post-fix","location":"index.js:ingress","message":"POST /api/auth/register reached API","data":{"urlPath":"/api/auth/register","contentTypePrefix":"multipart/form-data; boundary=----WebKitFormBoundaryCcmnY41ieVssg75d"},"timestamp":1777584699462,"hypothesisId":"H6"}
{"sessionId":"6424f2","location":"auth.js:register","message":"handler entered","data":{"bodyKeys":["email","password","firstName","lastName","phone","role"],"hasFile":false,"role":"patient","dbReady":1},"timestamp":1777584699494,"hypothesisId":"H4","runId":"post-fix"}
{"sessionId":"6424f2","runId":"post-fix","location":"index.js:ingress","message":"POST /api/auth/register reached API","data":{"urlPath":"/api/auth/register","contentTypePrefix":"multipart/form-data; boundary=----WebKitFormBoundaryQexwfBmuDqBnG2CA"},"timestamp":1777651712519,"hypothesisId":"H6"}
{"sessionId":"6424f2","location":"auth.js:register","message":"handler entered","data":{"bodyKeys":["email","password","firstName","lastName","phone","role"],"hasFile":false,"role":"patient","dbReady":1},"timestamp":1777651712716,"hypothesisId":"H4","runId":"post-fix"}
{"sessionId":"6424f2","runId":"post-fix","location":"index.js:ingress","message":"POST /api/auth/register reached API","data":{"urlPath":"/api/auth/register","contentTypePrefix":"multipart/form-data; boundary=----WebKitFormBoundaryKey36JWKOdlJmcF9"},"timestamp":1777654800267,"hypothesisId":"H6"}
{"sessionId":"6424f2","location":"auth.js:register","message":"handler entered","data":{"bodyKeys":["email","password","firstName","lastName","phone","role"],"hasFile":false,"role":"patient","dbReady":1},"timestamp":1777654800498,"hypothesisId":"H4","runId":"post-fix"}
